app/build/outputs/logs/manifest-merger-debug-report.txt
-- Merging decision tree log ---
manifest
ADDED from src\main\AndroidManifest.xml:2:1-136:12
	xmlns:android
		ADDED from src\main\AndroidManifest.xml:2:11-69
	package
		ADDED from src\main\AndroidManifest.xml:3:5-32
		INJECTED from src\main\AndroidManifest.xml
		INJECTED from src\main\AndroidManifest.xml
	android:versionName
		INJECTED from src\main\AndroidManifest.xml
		INJECTED from src\main\AndroidManifest.xml
	android:versionCode
		INJECTED from src\main\AndroidManifest.xml
		INJECTED from src\main\AndroidManifest.xml
uses-permission#android.permission.CALL_PHONE
ADDED from src\main\AndroidManifest.xml:5:5-69
	android:name
		ADDED from src\main\AndroidManifest.xml:5:22-66
uses-permission#android.permission.INTERNET
ADDED from src\main\AndroidManifest.xml:6:5-67
	android:name
		ADDED from src\main\AndroidManifest.xml:6:22-64
uses-permission#android.permission.ACCESS_NETWORK_STATE
ADDED from src\main\AndroidManifest.xml:7:5-79
	android:name
		ADDED from src\main\AndroidManifest.xml:7:22-76
uses-permission#android.permission.WRITE_EXTERNAL_STORAGE
ADDED from src\main\AndroidManifest.xml:8:5-81
	android:name
		ADDED from src\main\AndroidManifest.xml:8:22-78
uses-permission#android.permission.READ_PHONE_STATE
ADDED from src\main\AndroidManifest.xml:9:5-75
	android:name
		ADDED from src\main\AndroidManifest.xml:9:22-72
uses-permission#android.permission.ACCESS_COARSE_LOCATION
ADDED from src\main\AndroidManifest.xml:10:5-81
	android:name
		ADDED from src\main\AndroidManifest.xml:10:22-78
uses-permission#android.permission.ACCESS_FINE_LOCATION
ADDED from src\main\AndroidManifest.xml:11:5-79
	android:name
		ADDED from src\main\AndroidManifest.xml:11:22-76
uses-permission#android.permission.WAKE_LOCK
ADDED from src\main\AndroidManifest.xml:12:5-68
	android:name
		ADDED from src\main\AndroidManifest.xml:12:22-65
uses-permission#android.permission.VIBRATE
ADDED from src\main\AndroidManifest.xml:13:5-66
	android:name
		ADDED from src\main\AndroidManifest.xml:13:22-63
uses-permission#android.permission.GET_ACCOUNTS
ADDED from src\main\AndroidManifest.xml:14:5-71
	android:name
		ADDED from src\main\AndroidManifest.xml:14:22-68
uses-permission#android.permission.USE_CREDENTIALS
ADDED from src\main\AndroidManifest.xml:15:5-74
	android:name
		ADDED from src\main\AndroidManifest.xml:15:22-71
uses-permission#com.hcpt.fastfood.permission.MAPS_RECEIVE
ADDED from src\main\AndroidManifest.xml:16:5-81
	android:name
		ADDED from src\main\AndroidManifest.xml:16:22-78
permission#com.hcpt.fastfood.permission.C2D_MESSAGE
ADDED from src\main\AndroidManifest.xml:19:5-21:47
	android:protectionLevel
		ADDED from src\main\AndroidManifest.xml:21:9-44
	android:name
		ADDED from src\main\AndroidManifest.xml:20:9-64
uses-permission#com.hcpt.fastfood.permission.C2D_MESSAGE
ADDED from src\main\AndroidManifest.xml:23:5-80
	android:name
		ADDED from src\main\AndroidManifest.xml:23:22-77
uses-permission#com.google.android.c2dm.permission.RECEIVE
ADDED from src\main\AndroidManifest.xml:26:5-82
	android:name
		ADDED from src\main\AndroidManifest.xml:26:22-79
permission#com.hcpt.fastfood.permission.MAPS_RECEIVE
ADDED from src\main\AndroidManifest.xml:28:5-31:18
	android:protectionLevel
		ADDED from src\main\AndroidManifest.xml:30:9-44
	android:name
		ADDED from src\main\AndroidManifest.xml:29:9-65
uses-feature#0x00020000
ADDED from src\main\AndroidManifest.xml:33:5-35:35
	android:required
		ADDED from src\main\AndroidManifest.xml:35:9-32
	android:glEsVersion
		ADDED from src\main\AndroidManifest.xml:34:9-41
application
ADDED from src\main\AndroidManifest.xml:39:5-134:19
MERGED from [com.android.support:support-v4:23.1.0] AndroidManifest.xml:22:5-20
MERGED from [com.android.support:appcompat-v7:23.1.0] AndroidManifest.xml:22:5-20
MERGED from [com.android.support:support-v4:23.1.0] AndroidManifest.xml:22:5-20
MERGED from [com.google.android.gms:play-services:6.5.87] AndroidManifest.xml:20:5-24:19
MERGED from [com.android.support:support-v4:23.1.0] AndroidManifest.xml:22:5-20
MERGED from [com.android.volley:volley-library:] AndroidManifest.xml:11:5-20
	android:label
		ADDED from src\main\AndroidManifest.xml:43:9-41
	android:allowBackup
		ADDED from src\main\AndroidManifest.xml:41:9-35
	android:icon
		ADDED from src\main\AndroidManifest.xml:42:9-48
	android:theme
		ADDED from src\main\AndroidManifest.xml:46:9-40
	android:largeHeap
		ADDED from src\main\AndroidManifest.xml:44:9-33
	android:name
		ADDED from src\main\AndroidManifest.xml:40:9-66
	android:launchMode
		ADDED from src\main\AndroidManifest.xml:45:9-44
meta-data#com.google.android.gms.version
ADDED from src\main\AndroidManifest.xml:47:9-49:69
MERGED from [com.google.android.gms:play-services:6.5.87] AndroidManifest.xml:21:9-23:69
	android:name
		ADDED from src\main\AndroidManifest.xml:48:13-58
	android:value
		ADDED from src\main\AndroidManifest.xml:49:13-66
meta-data#com.google.android.maps.v2.API_KEY
ADDED from src\main\AndroidManifest.xml:50:9-52:54
	android:name
		ADDED from src\main\AndroidManifest.xml:51:13-62
	android:value
		ADDED from src\main\AndroidManifest.xml:52:13-51
receiver#com.google.android.gcm.GCMBroadcastReceiver
ADDED from src\main\AndroidManifest.xml:54:9-63:20
	android:permission
		ADDED from src\main\AndroidManifest.xml:56:13-73
	android:name
		ADDED from src\main\AndroidManifest.xml:55:13-71
intent-filter#com.google.android.c2dm.intent.RECEIVE+com.google.android.c2dm.intent.REGISTRATION+com.pt.fastfood
ADDED from src\main\AndroidManifest.xml:57:13-62:29
action#com.google.android.c2dm.intent.RECEIVE
ADDED from src\main\AndroidManifest.xml:58:17-81
	android:name
		ADDED from src\main\AndroidManifest.xml:58:25-78
action#com.google.android.c2dm.intent.REGISTRATION
ADDED from src\main\AndroidManifest.xml:59:17-86
	android:name
		ADDED from src\main\AndroidManifest.xml:59:25-83
category#com.pt.fastfood
ADDED from src\main\AndroidManifest.xml:61:17-60
	android:name
		ADDED from src\main\AndroidManifest.xml:61:27-57
service#com.hcpt.fastfood.GCMIntentService
ADDED from src\main\AndroidManifest.xml:65:9-78
	android:name
		ADDED from src\main\AndroidManifest.xml:65:18-67
activity#com.hcpt.fastfood.activity.SplashActivity
ADDED from src\main\AndroidManifest.xml:71:9-78:20
	android:label
		ADDED from src\main\AndroidManifest.xml:73:13-45
	android:name
		ADDED from src\main\AndroidManifest.xml:72:13-69
intent-filter#android.intent.action.MAIN+android.intent.category.LAUNCHER
ADDED from src\main\AndroidManifest.xml:74:13-77:29
action#android.intent.action.MAIN
ADDED from src\main\AndroidManifest.xml:75:17-69
	android:name
		ADDED from src\main\AndroidManifest.xml:75:25-66
category#android.intent.category.LAUNCHER
ADDED from src\main\AndroidManifest.xml:76:17-77
	android:name
		ADDED from src\main\AndroidManifest.xml:76:27-74
activity#com.hcpt.fastfood.activity.MainActivity
ADDED from src\main\AndroidManifest.xml:79:9-81:52
	android:screenOrientation
		ADDED from src\main\AndroidManifest.xml:81:13-49
	android:name
		ADDED from src\main\AndroidManifest.xml:80:13-67
activity#com.hcpt.fastfood.activity.MapActivity
ADDED from src\main\AndroidManifest.xml:82:9-84:52
	android:screenOrientation
		ADDED from src\main\AndroidManifest.xml:84:13-49
	android:name
		ADDED from src\main\AndroidManifest.xml:83:13-66
activity#com.hcpt.fastfood.activity.RegisterActivity
ADDED from src\main\AndroidManifest.xml:85:9-87:52
	android:screenOrientation
		ADDED from src\main\AndroidManifest.xml:87:13-49
	android:name
		ADDED from src\main\AndroidManifest.xml:86:13-71
activity#com.hcpt.fastfood.activity.MyOrderActivity
ADDED from src\main\AndroidManifest.xml:88:9-90:52
	android:screenOrientation
		ADDED from src\main\AndroidManifest.xml:90:13-49
	android:name
		ADDED from src\main\AndroidManifest.xml:89:13-70
activity#com.hcpt.fastfood.activity.AboutActivity
ADDED from src\main\AndroidManifest.xml:91:9-93:52
	android:screenOrientation
		ADDED from src\main\AndroidManifest.xml:93:13-49
	android:name
		ADDED from src\main\AndroidManifest.xml:92:13-68
activity#com.hcpt.fastfood.activity.SettingActivity
ADDED from src\main\AndroidManifest.xml:94:9-96:52
	android:screenOrientation
		ADDED from src\main\AndroidManifest.xml:96:13-49
	android:name
		ADDED from src\main\AndroidManifest.xml:95:13-70
activity#com.hcpt.fastfood.activity.DashboardActivity
ADDED from src\main\AndroidManifest.xml:97:9-99:52
	android:screenOrientation
		ADDED from src\main\AndroidManifest.xml:99:13-49
	android:name
		ADDED from src\main\AndroidManifest.xml:98:13-72
activity#com.hcpt.fastfood.activity.OrderDetailAdminActivity
ADDED from src\main\AndroidManifest.xml:100:9-102:52
	android:screenOrientation
		ADDED from src\main\AndroidManifest.xml:102:13-49
	android:name
		ADDED from src\main\AndroidManifest.xml:101:13-79
activity#com.hcpt.fastfood.activity.OrderActivityAdmin
ADDED from src\main\AndroidManifest.xml:103:9-105:52
	android:screenOrientation
		ADDED from src\main\AndroidManifest.xml:105:13-49
	android:name
		ADDED from src\main\AndroidManifest.xml:104:13-73
activity#com.hcpt.fastfood.activity.NewOrderActivity
ADDED from src\main\AndroidManifest.xml:106:9-108:52
	android:screenOrientation
		ADDED from src\main\AndroidManifest.xml:108:13-49
	android:name
		ADDED from src\main\AndroidManifest.xml:107:13-71
activity#com.hcpt.fastfood.activity.OrderDetailNewActivity
ADDED from src\main\AndroidManifest.xml:109:9-111:52
	android:screenOrientation
		ADDED from src\main\AndroidManifest.xml:111:13-49
	android:name
		ADDED from src\main\AndroidManifest.xml:110:13-77
activity#com.hcpt.fastfood.activity.PromotionActivity
ADDED from src\main\AndroidManifest.xml:112:9-114:52
	android:screenOrientation
		ADDED from src\main\AndroidManifest.xml:114:13-49
	android:name
		ADDED from src\main\AndroidManifest.xml:113:13-72
activity#com.hcpt.fastfood.activity.PromotionDetailActivity
ADDED from src\main\AndroidManifest.xml:115:9-117:52
	android:screenOrientation
		ADDED from src\main\AndroidManifest.xml:117:13-49
	android:name
		ADDED from src\main\AndroidManifest.xml:116:13-78
activity#com.hcpt.fastfood.activity.StreamsYouTobeActivity
ADDED from src\main\AndroidManifest.xml:118:9-120:52
	android:screenOrientation
		ADDED from src\main\AndroidManifest.xml:120:13-49
	android:name
		ADDED from src\main\AndroidManifest.xml:119:13-77
service#com.paypal.android.sdk.payments.PayPalService
ADDED from src\main\AndroidManifest.xml:122:9-124:40
	android:exported
		ADDED from src\main\AndroidManifest.xml:124:13-37
	android:name
		ADDED from src\main\AndroidManifest.xml:123:13-73
activity#com.paypal.android.sdk.payments.PaymentActivity
ADDED from src\main\AndroidManifest.xml:126:9-84
	android:name
		ADDED from src\main\AndroidManifest.xml:126:19-81
activity#com.paypal.android.sdk.payments.LoginActivity
ADDED from src\main\AndroidManifest.xml:127:9-82
	android:name
		ADDED from src\main\AndroidManifest.xml:127:19-79
activity#com.paypal.android.sdk.payments.PaymentMethodActivity
ADDED from src\main\AndroidManifest.xml:128:9-90
	android:name
		ADDED from src\main\AndroidManifest.xml:128:19-87
activity#com.paypal.android.sdk.payments.PaymentConfirmActivity
ADDED from src\main\AndroidManifest.xml:129:9-91
	android:name
		ADDED from src\main\AndroidManifest.xml:129:19-88
activity#io.card.payment.CardIOActivity
ADDED from src\main\AndroidManifest.xml:130:9-132:66
	android:configChanges
		ADDED from src\main\AndroidManifest.xml:132:13-63
	android:name
		ADDED from src\main\AndroidManifest.xml:131:13-58
activity#io.card.payment.DataEntryActivity
ADDED from src\main\AndroidManifest.xml:133:9-70
	android:name
		ADDED from src\main\AndroidManifest.xml:133:19-67
uses-sdk
INJECTED from src\main\AndroidManifest.xml reason: use-sdk injection requested
MERGED from [com.android.support:support-v4:23.1.0] AndroidManifest.xml:20:5-43
MERGED from [com.android.support:appcompat-v7:23.1.0] AndroidManifest.xml:20:5-43
MERGED from [com.android.support:support-v4:23.1.0] AndroidManifest.xml:20:5-43
MERGED from [com.google.android.gms:play-services:6.5.87] AndroidManifest.xml:18:5-42
MERGED from [com.android.support:support-v4:23.1.0] AndroidManifest.xml:20:5-43
MERGED from [com.android.volley:volley-library:] AndroidManifest.xml:7:5-9:41
MERGED from [me.drakeet.materialdialog:library:1.2.8] AndroidManifest.xml:8:5-10:41
	android:targetSdkVersion
		INJECTED from src\main\AndroidManifest.xml
		INJECTED from src\main\AndroidManifest.xml
	android:minSdkVersion
		INJECTED from src\main\AndroidManifest.xml
		INJECTED from src\main\AndroidManifest.xml